<?xml version="1.0" encoding="UTF-8"?>
<testng-results ignored="0" total="1" passed="0" failed="1" skipped="0">
  <reporter-output>
  </reporter-output>
  <suite started-at="2023-06-30T19:31:13 IST" name="Default suite" finished-at="2023-06-30T19:31:26 IST" duration-ms="13656">
    <groups>
    </groups>
    <test started-at="2023-06-30T19:31:13 IST" name="Default test" finished-at="2023-06-30T19:31:26 IST" duration-ms="13656">
      <class name="pkggggg.Weatherpagetest">
        <test-method is-config="true" signature="setUp()[pri:0, instance:pkggggg.Weatherpagetest@1151e434]" started-at="2023-06-30T19:31:13 IST" name="setUp" finished-at="2023-06-30T19:31:25 IST" duration-ms="12164" status="PASS">
          <reporter-output>
          </reporter-output>
        </test-method> <!-- setUp -->
        <test-method signature="weathertest()[pri:0, instance:pkggggg.Weatherpagetest@1151e434]" started-at="2023-06-30T19:31:25 IST" name="weathertest" finished-at="2023-06-30T19:31:26 IST" duration-ms="1403" status="FAIL">
          <exception class="org.openqa.selenium.ElementClickInterceptedException">
            <message>
              <![CDATA[element click intercepted: Element <a href="https://home.openweathermap.org/marketplace" target="_blank" onclick="_gaq.push(['_trackEvent', 'Navbar', 'Main', 'dashboard']);">...</a> is not clickable at point (538, 30). Other element would receive the click: <div tabindex="0" aria-label="Loading" class="owm-loader">...</div>
  (Session info: chrome=114.0.5735.135)
Build info: version: '4.9.0', revision: 'd7057100a6'
System info: os.name: 'Windows 11', os.arch: 'amd64', os.version: '10.0', java.version: '17.0.6'
Driver info: org.openqa.selenium.chrome.ChromeDriver
Command: [ffbe905d46785e85dd8213593386b906, clickElement {id=25484E3E1528141E087ADDCBCCC9BDC1_element_33}]
Capabilities {acceptInsecureCerts: false, browserName: chrome, browserVersion: 114.0.5735.135, chrome: {chromedriverVersion: 114.0.5735.90 (386bc09e8f4f..., userDataDir: C:\Users\gayat\AppData\Loca...}, goog:chromeOptions: {debuggerAddress: localhost:62644}, networkConnectionEnabled: false, pageLoadStrategy: normal, platformName: WINDOWS, proxy: Proxy(), se:cdp: ws://localhost:62644/devtoo..., se:cdpVersion: 114.0.5735.135, setWindowRect: true, strictFileInteractability: false, timeouts: {implicit: 0, pageLoad: 300000, script: 30000}, unhandledPromptBehavior: dismiss and notify, webauthn:extension:credBlob: true, webauthn:extension:largeBlob: true, webauthn:extension:minPinLength: true, webauthn:extension:prf: true, webauthn:virtualAuthenticators: true}
Element: [[ChromeDriver: chrome on WINDOWS (ffbe905d46785e85dd8213593386b906)] -> xpath: //*[@id="desktop-menu"]/ul/li[4]/a]
Session ID: ffbe905d46785e85dd8213593386b906]]>
            </message>
            <full-stacktrace>
              <![CDATA[org.openqa.selenium.ElementClickInterceptedException: element click intercepted: Element <a href="https://home.openweathermap.org/marketplace" target="_blank" onclick="_gaq.push(['_trackEvent', 'Navbar', 'Main', 'dashboard']);">...</a> is not clickable at point (538, 30). Other element would receive the click: <div tabindex="0" aria-label="Loading" class="owm-loader">...</div>
  (Session info: chrome=114.0.5735.135)
Build info: version: '4.9.0', revision: 'd7057100a6'
System info: os.name: 'Windows 11', os.arch: 'amd64', os.version: '10.0', java.version: '17.0.6'
Driver info: org.openqa.selenium.chrome.ChromeDriver
Command: [ffbe905d46785e85dd8213593386b906, clickElement {id=25484E3E1528141E087ADDCBCCC9BDC1_element_33}]
Capabilities {acceptInsecureCerts: false, browserName: chrome, browserVersion: 114.0.5735.135, chrome: {chromedriverVersion: 114.0.5735.90 (386bc09e8f4f..., userDataDir: C:\Users\gayat\AppData\Loca...}, goog:chromeOptions: {debuggerAddress: localhost:62644}, networkConnectionEnabled: false, pageLoadStrategy: normal, platformName: WINDOWS, proxy: Proxy(), se:cdp: ws://localhost:62644/devtoo..., se:cdpVersion: 114.0.5735.135, setWindowRect: true, strictFileInteractability: false, timeouts: {implicit: 0, pageLoad: 300000, script: 30000}, unhandledPromptBehavior: dismiss and notify, webauthn:extension:credBlob: true, webauthn:extension:largeBlob: true, webauthn:extension:minPinLength: true, webauthn:extension:prf: true, webauthn:virtualAuthenticators: true}
Element: [[ChromeDriver: chrome on WINDOWS (ffbe905d46785e85dd8213593386b906)] -> xpath: //*[@id="desktop-menu"]/ul/li[4]/a]
Session ID: ffbe905d46785e85dd8213593386b906
at java.base/jdk.internal.reflect.NativeConstructorAccessorImpl.newInstance0(Native Method)
at java.base/jdk.internal.reflect.NativeConstructorAccessorImpl.newInstance(NativeConstructorAccessorImpl.java:77)
at java.base/jdk.internal.reflect.DelegatingConstructorAccessorImpl.newInstance(DelegatingConstructorAccessorImpl.java:45)
at java.base/java.lang.reflect.Constructor.newInstanceWithCaller(Constructor.java:499)
at java.base/java.lang.reflect.Constructor.newInstance(Constructor.java:480)
at org.openqa.selenium.remote.codec.w3c.W3CHttpResponseCodec.createException(W3CHttpResponseCodec.java:200)
at org.openqa.selenium.remote.codec.w3c.W3CHttpResponseCodec.decode(W3CHttpResponseCodec.java:133)
at org.openqa.selenium.remote.codec.w3c.W3CHttpResponseCodec.decode(W3CHttpResponseCodec.java:53)
at org.openqa.selenium.remote.HttpCommandExecutor.execute(HttpCommandExecutor.java:193)
at org.openqa.selenium.remote.service.DriverCommandExecutor.invokeExecute(DriverCommandExecutor.java:183)
at org.openqa.selenium.remote.service.DriverCommandExecutor.execute(DriverCommandExecutor.java:158)
at org.openqa.selenium.remote.RemoteWebDriver.execute(RemoteWebDriver.java:543)
at org.openqa.selenium.remote.RemoteWebElement.execute(RemoteWebElement.java:257)
at org.openqa.selenium.remote.RemoteWebElement.click(RemoteWebElement.java:78)
at pagee.Weatherpage.clickButton(Weatherpage.java:36)
at pkggggg.Weatherpagetest.weathertest(Weatherpagetest.java:24)
at java.base/jdk.internal.reflect.NativeMethodAccessorImpl.invoke0(Native Method)
at java.base/jdk.internal.reflect.NativeMethodAccessorImpl.invoke(NativeMethodAccessorImpl.java:77)
at java.base/jdk.internal.reflect.DelegatingMethodAccessorImpl.invoke(DelegatingMethodAccessorImpl.java:43)
at java.base/java.lang.reflect.Method.invoke(Method.java:568)
at org.testng.internal.MethodInvocationHelper.invokeMethod(MethodInvocationHelper.java:133)
at org.testng.internal.TestInvoker.invokeMethod(TestInvoker.java:598)
at org.testng.internal.TestInvoker.invokeTestMethod(TestInvoker.java:173)
at org.testng.internal.MethodRunner.runInSequence(MethodRunner.java:46)
at org.testng.internal.TestInvoker$MethodInvocationAgent.invoke(TestInvoker.java:824)
at org.testng.internal.TestInvoker.invokeTestMethods(TestInvoker.java:146)
at org.testng.internal.TestMethodWorker.invokeTestMethods(TestMethodWorker.java:146)
at org.testng.internal.TestMethodWorker.run(TestMethodWorker.java:128)
at java.base/java.util.ArrayList.forEach(ArrayList.java:1511)
at org.testng.TestRunner.privateRun(TestRunner.java:794)
at org.testng.TestRunner.run(TestRunner.java:596)
at org.testng.SuiteRunner.runTest(SuiteRunner.java:377)
at org.testng.SuiteRunner.runSequentially(SuiteRunner.java:371)
at org.testng.SuiteRunner.privateRun(SuiteRunner.java:332)
at org.testng.SuiteRunner.run(SuiteRunner.java:276)
at org.testng.SuiteRunnerWorker.runSuite(SuiteRunnerWorker.java:53)
at org.testng.SuiteRunnerWorker.run(SuiteRunnerWorker.java:96)
at org.testng.TestNG.runSuitesSequentially(TestNG.java:1212)
at org.testng.TestNG.runSuitesLocally(TestNG.java:1134)
at org.testng.TestNG.runSuites(TestNG.java:1063)
at org.testng.TestNG.run(TestNG.java:1031)
at org.testng.remote.AbstractRemoteTestNG.run(AbstractRemoteTestNG.java:115)
at org.testng.remote.RemoteTestNG.initAndRun(RemoteTestNG.java:251)
at org.testng.remote.RemoteTestNG.main(RemoteTestNG.java:77)
]]>
            </full-stacktrace>
          </exception> <!-- org.openqa.selenium.ElementClickInterceptedException -->
          <reporter-output>
          </reporter-output>
        </test-method> <!-- weathertest -->
      </class> <!-- pkggggg.Weatherpagetest -->
    </test> <!-- Default test -->
  </suite> <!-- Default suite -->
</testng-results>
